#
# There is insufficient memory for the Java Runtime Environment to continue.
# Native memory allocation (malloc) failed to allocate 1581456 bytes for Chunk::new
# Possible reasons:
#   The system is out of physical RAM or swap space
#   In 32 bit mode, the process size limit was hit
# Possible solutions:
#   Reduce memory load on the system
#   Increase physical memory or swap space
#   Check if swap backing store is full
#   Use 64 bit Java on a 64 bit OS
#   Decrease Java heap size (-Xmx/-Xms)
#   Decrease number of Java threads
#   Decrease Java thread stack sizes (-Xss)
#   Set larger code cache with -XX:ReservedCodeCacheSize=
# This output file may be truncated or incomplete.
#
#  Out of Memory Error (allocation.cpp:390), pid=12200, tid=0x0000000000009d98
#
# JRE version: Java(TM) SE Runtime Environment (8.0_141-b15) (build 1.8.0_141-b15)
# Java VM: Java HotSpot(TM) 64-Bit Server VM (25.141-b15 mixed mode windows-amd64 compressed oops)
# Failed to write core dump. Minidumps are not enabled by default on client versions of Windows
#

---------------  T H R E A D  ---------------

Current thread (0x000000001d5d6800):  JavaThread "C2 CompilerThread2" daemon [_thread_in_native, id=40344, stack(0x000000001ef50000,0x000000001f050000)]

Stack: [0x000000001ef50000,0x000000001f050000]
[error occurred during error reporting (printing stack bounds), id 0xc0000005]

Native frames: (J=compiled Java code, j=interpreted, Vv=VM code, C=native code)


Current CompileTask:
C2:  10872 5412       4       org.springframework.core.ResolvableType::as (81 bytes)


---------------  P R O C E S S  ---------------

Java Threads: ( => current thread )
  0x0000000020275800 JavaThread "Scheduler-705602706" [_thread_blocked, id=37156, stack(0x0000000025ab0000,0x0000000025bb0000)]
  0x000000002027a000 JavaThread "qtp813932100-29" [_thread_blocked, id=35800, stack(0x00000000245a0000,0x00000000246a0000)]
  0x0000000020279000 JavaThread "qtp813932100-28" [_thread_blocked, id=39980, stack(0x00000000244a0000,0x00000000245a0000)]
  0x0000000020274800 JavaThread "qtp813932100-27" [_thread_blocked, id=38044, stack(0x00000000243a0000,0x00000000244a0000)]
  0x0000000022545000 JavaThread "qtp813932100-26" [_thread_blocked, id=33436, stack(0x00000000242a0000,0x00000000243a0000)]
  0x000000002027c000 JavaThread "qtp813932100-25" [_thread_blocked, id=34880, stack(0x00000000241a0000,0x00000000242a0000)]
  0x0000000021a57000 JavaThread "qtp813932100-24" [_thread_blocked, id=37112, stack(0x0000000023ea0000,0x0000000023fa0000)]
  0x00000000200ae000 JavaThread "qtp813932100-23" [_thread_blocked, id=31760, stack(0x0000000023da0000,0x0000000023ea0000)]
  0x00000000200ab800 JavaThread "qtp813932100-22" [_thread_blocked, id=38900, stack(0x0000000023ca0000,0x0000000023da0000)]
  0x00000000209ed800 JavaThread "qtp813932100-21" [_thread_blocked, id=34072, stack(0x0000000023ba0000,0x0000000023ca0000)]
  0x000000001f4de800 JavaThread "qtp813932100-20" [_thread_blocked, id=3380, stack(0x0000000023aa0000,0x0000000023ba0000)]
  0x0000000021636800 JavaThread "qtp813932100-19" [_thread_blocked, id=40436, stack(0x00000000239a0000,0x0000000023aa0000)]
  0x0000000021cc4000 JavaThread "qtp813932100-18" [_thread_blocked, id=38944, stack(0x00000000238a0000,0x00000000239a0000)]
  0x0000000021e0f800 JavaThread "qtp813932100-17" [_thread_blocked, id=37172, stack(0x00000000223a0000,0x00000000224a0000)]
  0x000000001d667000 JavaThread "Service Thread" daemon [_thread_blocked, id=39676, stack(0x000000001f150000,0x000000001f250000)]
  0x000000001d5d9800 JavaThread "C1 CompilerThread3" daemon [_thread_blocked, id=39740, stack(0x000000001f050000,0x000000001f150000)]
=>0x000000001d5d6800 JavaThread "C2 CompilerThread2" daemon [_thread_in_native, id=40344, stack(0x000000001ef50000,0x000000001f050000)]
  0x000000001d5d1800 JavaThread "C2 CompilerThread1" daemon [_thread_blocked, id=34948, stack(0x000000001ee50000,0x000000001ef50000)]
  0x000000001d5ce000 JavaThread "C2 CompilerThread0" daemon [_thread_in_native, id=36240, stack(0x000000001ed50000,0x000000001ee50000)]
  0x000000001d56e800 JavaThread "JDWP Command Reader" daemon [_thread_in_native, id=39284, stack(0x000000001ec50000,0x000000001ed50000)]
  0x000000001d569800 JavaThread "JDWP Event Helper Thread" daemon [_thread_blocked, id=37984, stack(0x000000001eb50000,0x000000001ec50000)]
  0x000000001d55b800 JavaThread "JDWP Transport Listener: dt_socket" daemon [_thread_blocked, id=37896, stack(0x000000001ea50000,0x000000001eb50000)]
  0x000000001d553800 JavaThread "Attach Listener" daemon [_thread_blocked, id=30852, stack(0x000000001e950000,0x000000001ea50000)]
  0x000000001d4e7800 JavaThread "Signal Dispatcher" daemon [_thread_blocked, id=32616, stack(0x000000001e850000,0x000000001e950000)]
  0x000000001d4e3000 JavaThread "Finalizer" daemon [_thread_blocked, id=40440, stack(0x000000001e750000,0x000000001e850000)]
  0x000000001be0c800 JavaThread "Reference Handler" daemon [_thread_blocked, id=33876, stack(0x000000001e650000,0x000000001e750000)]
  0x00000000033d2800 JavaThread "main" [_thread_in_Java, id=12404, stack(0x0000000003100000,0x0000000003200000)]

Other Threads:
  0x000000001be06000 VMThread [stack: 0x000000001e550000,0x000000001e650000] [id=39692]
  0x000000001d6f0800 WatcherThread [stack: 0x000000001f250000,0x000000001f350000] [id=34300]

VM state:not at safepoint (normal execution)

VM Mutex/Monitor currently owned by a thread: None

Heap:
 PSYoungGen      total 151552K, used 35202K [0x0000000776000000, 0x0000000781580000, 0x00000007c0000000)
  eden space 131584K, 26% used [0x0000000776000000,0x0000000778260b50,0x000000077e080000)
  from space 19968K, 0% used [0x000000077f880000,0x000000077f880000,0x0000000780c00000)
  to   space 24576K, 0% used [0x000000077e080000,0x000000077e080000,0x000000077f880000)
 ParOldGen       total 133632K, used 35708K [0x00000006e2000000, 0x00000006ea280000, 0x0000000776000000)
  object space 133632K, 26% used [0x00000006e2000000,0x00000006e42df2b0,0x00000006ea280000)
 Metaspace       used 35977K, capacity 36904K, committed 37080K, reserved 1081344K
  class space    used 4235K, capacity 4451K, committed 4480K, reserved 1048576K

Card table byte_map: [0x0000000012890000,0x0000000012f90000] byte_map_base: 0x000000000f180000

Marking Bits: (ParMarkBitMap*) 0x000000005e50d850
 Begin Bits: [0x0000000013e30000, 0x00000000175b0000)
 End Bits:   [0x00000000175b0000, 0x000000001ad30000)

Polling page: 0x0000000000f30000

CodeCache: size=245760Kb used=18421Kb max_used=18434Kb free=227338Kb
 bounds [0x00000000034d0000, 0x00000000046f0000, 0x00000000124d0000]
 total_blobs=5299 nmethods=4851 adapters=369
 compilation: enabled

Compilation events (10 events):
Event: 10.846 Thread 0x000000001d5d9800 nmethod 5546 0x00000000046d9550 code [0x00000000046d96c0, 0x00000000046d9868]
Event: 10.846 Thread 0x000000001d5d9800 5547       3       sun.misc.ProxyGenerator::access$1700 (7 bytes)
Event: 10.846 Thread 0x000000001d5d9800 nmethod 5547 0x00000000046d9910 code [0x00000000046d9a80, 0x00000000046d9c08]
Event: 10.846 Thread 0x000000001d5d9800 5548       3       java.lang.ref.SoftReference::<init> (14 bytes)
Event: 10.846 Thread 0x000000001d5d9800 nmethod 5548 0x00000000046d9cd0 code [0x00000000046d9e40, 0x00000000046da110]
Event: 10.847 Thread 0x000000001d5d1800 nmethod 5525 0x00000000046de250 code [0x00000000046de440, 0x00000000046df850]
Event: 10.857 Thread 0x000000001d5d1800 5549   !   4       java.util.Collections$SynchronizedCollection::add (25 bytes)
Event: 10.859 Thread 0x000000001d5d1800 nmethod 5549 0x00000000046dab10 code [0x00000000046dac60, 0x00000000046db068]
Event: 10.859 Thread 0x000000001d5d1800 5550       4       java.lang.ClassLoader::checkPackageAccess (122 bytes)
Event: 10.861 Thread 0x000000001d5d1800 nmethod 5550 0x00000000046dc2d0 code [0x00000000046dc440, 0x00000000046dc9a8]

GC Heap History (10 events):
Event: 8.850 GC heap before
{Heap before GC invocations=12 (full 1):
 PSYoungGen      total 151552K, used 151546K [0x0000000776000000, 0x0000000781580000, 0x00000007c0000000)
  eden space 131584K, 100% used [0x0000000776000000,0x000000077e080000,0x000000077e080000)
  from space 19968K, 99% used [0x000000077f880000,0x0000000780bfe950,0x0000000780c00000)
  to   space 24576K, 0% used [0x000000077e080000,0x000000077e080000,0x000000077f880000)
 ParOldGen       total 101376K, used 28367K [0x00000006e2000000, 0x00000006e8300000, 0x0000000776000000)
  object space 101376K, 27% used [0x00000006e2000000,0x00000006e3bb3c78,0x00000006e8300000)
 Metaspace       used 24260K, capacity 25066K, committed 25344K, reserved 1071104K
  class space    used 2770K, capacity 2955K, committed 3072K, reserved 1048576K
Event: 8.887 GC heap after
Heap after GC invocations=12 (full 1):
 PSYoungGen      total 156160K, used 24572K [0x0000000776000000, 0x0000000781580000, 0x00000007c0000000)
  eden space 131584K, 0% used [0x0000000776000000,0x0000000776000000,0x000000077e080000)
  from space 24576K, 99% used [0x000000077e080000,0x000000077f87f228,0x000000077f880000)
  to   space 19968K, 0% used [0x000000077f880000,0x000000077f880000,0x0000000780c00000)
 ParOldGen       total 101376K, used 37522K [0x00000006e2000000, 0x00000006e8300000, 0x0000000776000000)
  object space 101376K, 37% used [0x00000006e2000000,0x00000006e44a49d0,0x00000006e8300000)
 Metaspace       used 24260K, capacity 25066K, committed 25344K, reserved 1071104K
  class space    used 2770K, capacity 2955K, committed 3072K, reserved 1048576K
}
Event: 9.579 GC heap before
{Heap before GC invocations=13 (full 1):
 PSYoungGen      total 156160K, used 156156K [0x0000000776000000, 0x0000000781580000, 0x00000007c0000000)
  eden space 131584K, 100% used [0x0000000776000000,0x000000077e080000,0x000000077e080000)
  from space 24576K, 99% used [0x000000077e080000,0x000000077f87f228,0x000000077f880000)
  to   space 19968K, 0% used [0x000000077f880000,0x000000077f880000,0x0000000780c00000)
 ParOldGen       total 101376K, used 37531K [0x00000006e2000000, 0x00000006e8300000, 0x0000000776000000)
  object space 101376K, 37% used [0x00000006e2000000,0x00000006e44a6fe0,0x00000006e8300000)
 Metaspace       used 24404K, capacity 25194K, committed 25344K, reserved 1071104K
  class space    used 2786K, capacity 2955K, committed 3072K, reserved 1048576K
Event: 9.597 GC heap after
Heap after GC invocations=13 (full 1):
 PSYoungGen      total 151552K, used 19219K [0x0000000776000000, 0x0000000781580000, 0x00000007c0000000)
  eden space 131584K, 0% used [0x0000000776000000,0x0000000776000000,0x000000077e080000)
  from space 19968K, 96% used [0x000000077f880000,0x0000000780b44f00,0x0000000780c00000)
  to   space 24576K, 0% used [0x000000077e080000,0x000000077e080000,0x000000077f880000)
 ParOldGen       total 101376K, used 43001K [0x00000006e2000000, 0x00000006e8300000, 0x0000000776000000)
  object space 101376K, 42% used [0x00000006e2000000,0x00000006e49fe758,0x00000006e8300000)
 Metaspace       used 24404K, capacity 25194K, committed 25344K, reserved 1071104K
  class space    used 2786K, capacity 2955K, committed 3072K, reserved 1048576K
}
Event: 10.566 GC heap before
{Heap before GC invocations=14 (full 1):
 PSYoungGen      total 151552K, used 150803K [0x0000000776000000, 0x0000000781580000, 0x00000007c0000000)
  eden space 131584K, 100% used [0x0000000776000000,0x000000077e080000,0x000000077e080000)
  from space 19968K, 96% used [0x000000077f880000,0x0000000780b44f00,0x0000000780c00000)
  to   space 24576K, 0% used [0x000000077e080000,0x000000077e080000,0x000000077f880000)
 ParOldGen       total 101376K, used 43001K [0x00000006e2000000, 0x00000006e8300000, 0x0000000776000000)
  object space 101376K, 42% used [0x00000006e2000000,0x00000006e49fe758,0x00000006e8300000)
 Metaspace       used 34247K, capacity 35182K, committed 35328K, reserved 1081344K
  class space    used 4028K, capacity 4246K, committed 4352K, reserved 1048576K
Event: 10.575 GC heap after
Heap after GC invocations=14 (full 1):
 PSYoungGen      total 156160K, used 9605K [0x0000000776000000, 0x0000000781580000, 0x00000007c0000000)
  eden space 131584K, 0% used [0x0000000776000000,0x0000000776000000,0x000000077e080000)
  from space 24576K, 39% used [0x000000077e080000,0x000000077e9e1690,0x000000077f880000)
  to   space 19968K, 0% used [0x000000077f880000,0x000000077f880000,0x0000000780c00000)
 ParOldGen       total 101376K, used 46921K [0x00000006e2000000, 0x00000006e8300000, 0x0000000776000000)
  object space 101376K, 46% used [0x00000006e2000000,0x00000006e4dd2608,0x00000006e8300000)
 Metaspace       used 34247K, capacity 35182K, committed 35328K, reserved 1081344K
  class space    used 4028K, capacity 4246K, committed 4352K, reserved 1048576K
}
Event: 10.606 GC heap before
{Heap before GC invocations=15 (full 1):
 PSYoungGen      total 156160K, used 16473K [0x0000000776000000, 0x0000000781580000, 0x00000007c0000000)
  eden space 131584K, 5% used [0x0000000776000000,0x00000007766b4fa8,0x000000077e080000)
  from space 24576K, 39% used [0x000000077e080000,0x000000077e9e1690,0x000000077f880000)
  to   space 19968K, 0% used [0x000000077f880000,0x000000077f880000,0x0000000780c00000)
 ParOldGen       total 101376K, used 46921K [0x00000006e2000000, 0x00000006e8300000, 0x0000000776000000)
  object space 101376K, 46% used [0x00000006e2000000,0x00000006e4dd2608,0x00000006e8300000)
 Metaspace       used 34432K, capacity 35342K, committed 35416K, reserved 1081344K
  class space    used 4047K, capacity 4278K, committed 4352K, reserved 1048576K
Event: 10.610 GC heap after
Heap after GC invocations=15 (full 1):
 PSYoungGen      total 151552K, used 475K [0x0000000776000000, 0x0000000781580000, 0x00000007c0000000)
  eden space 131584K, 0% used [0x0000000776000000,0x0000000776000000,0x000000077e080000)
  from space 19968K, 2% used [0x000000077f880000,0x000000077f8f6cf0,0x0000000780c00000)
  to   space 24576K, 0% used [0x000000077e080000,0x000000077e080000,0x000000077f880000)
 ParOldGen       total 101376K, used 49611K [0x00000006e2000000, 0x00000006e8300000, 0x0000000776000000)
  object space 101376K, 48% used [0x00000006e2000000,0x00000006e5072ed8,0x00000006e8300000)
 Metaspace       used 34432K, capacity 35342K, committed 35416K, reserved 1081344K
  class space    used 4047K, capacity 4278K, committed 4352K, reserved 1048576K
}
Event: 10.610 GC heap before
{Heap before GC invocations=16 (full 2):
 PSYoungGen      total 151552K, used 475K [0x0000000776000000, 0x0000000781580000, 0x00000007c0000000)
  eden space 131584K, 0% used [0x0000000776000000,0x0000000776000000,0x000000077e080000)
  from space 19968K, 2% used [0x000000077f880000,0x000000077f8f6cf0,0x0000000780c00000)
  to   space 24576K, 0% used [0x000000077e080000,0x000000077e080000,0x000000077f880000)
 ParOldGen       total 101376K, used 49611K [0x00000006e2000000, 0x00000006e8300000, 0x0000000776000000)
  object space 101376K, 48% used [0x00000006e2000000,0x00000006e5072ed8,0x00000006e8300000)
 Metaspace       used 34432K, capacity 35342K, committed 35416K, reserved 1081344K
  class space    used 4047K, capacity 4278K, committed 4352K, reserved 1048576K
Event: 10.658 GC heap after
Heap after GC invocations=16 (full 2):
 PSYoungGen      total 151552K, used 0K [0x0000000776000000, 0x0000000781580000, 0x00000007c0000000)
  eden space 131584K, 0% used [0x0000000776000000,0x0000000776000000,0x000000077e080000)
  from space 19968K, 0% used [0x000000077f880000,0x000000077f880000,0x0000000780c00000)
  to   space 24576K, 0% used [0x000000077e080000,0x000000077e080000,0x000000077f880000)
 ParOldGen       total 133632K, used 35708K [0x00000006e2000000, 0x00000006ea280000, 0x0000000776000000)
  object space 133632K, 26% used [0x00000006e2000000,0x00000006e42df2b0,0x00000006ea280000)
 Metaspace       used 34383K, capacity 35188K, committed 35416K, reserved 1081344K
  class space    used 4031K, capacity 4251K, committed 4352K, reserved 1048576K
}

Deoptimization events (10 events):
Event: 10.411 Thread 0x00000000033d2800 Uncommon trap: reason=bimorphic action=maybe_recompile pc=0x0000000003fcc4ec method=java.util.LinkedHashMap.afterNodeInsertion(Z)V @ 15
Event: 10.494 Thread 0x00000000033d2800 Uncommon trap: reason=unstable_if action=reinterpret pc=0x0000000004598898 method=org.springframework.asm.ClassReader.readUTF(II[C)Ljava/lang/String; @ 77
Event: 10.575 Thread 0x000000001d4e3000 Uncommon trap: reason=bimorphic action=maybe_recompile pc=0x00000000037de480 method=java.util.WeakHashMap.eq(Ljava/lang/Object;Ljava/lang/Object;)Z @ 7
Event: 10.737 Thread 0x00000000033d2800 Uncommon trap: reason=unstable_if action=reinterpret pc=0x00000000038940f0 method=java.util.concurrent.ConcurrentHashMap.get(Ljava/lang/Object;)Ljava/lang/Object; @ 76
Event: 10.737 Thread 0x00000000033d2800 Uncommon trap: reason=bimorphic action=maybe_recompile pc=0x0000000003baed40 method=java.util.concurrent.ConcurrentHashMap.putVal(Ljava/lang/Object;Ljava/lang/Object;Z)Ljava/lang/Object; @ 192
Event: 10.737 Thread 0x00000000033d2800 Uncommon trap: reason=bimorphic action=maybe_recompile pc=0x0000000003baed40 method=java.util.concurrent.ConcurrentHashMap.putVal(Ljava/lang/Object;Ljava/lang/Object;Z)Ljava/lang/Object; @ 192
Event: 10.737 Thread 0x00000000033d2800 Uncommon trap: reason=bimorphic action=maybe_recompile pc=0x0000000003baed40 method=java.util.concurrent.ConcurrentHashMap.putVal(Ljava/lang/Object;Ljava/lang/Object;Z)Ljava/lang/Object; @ 192
Event: 10.737 Thread 0x00000000033d2800 Uncommon trap: reason=bimorphic action=maybe_recompile pc=0x0000000003baed40 method=java.util.concurrent.ConcurrentHashMap.putVal(Ljava/lang/Object;Ljava/lang/Object;Z)Ljava/lang/Object; @ 192
Event: 10.748 Thread 0x00000000033d2800 Uncommon trap: reason=unstable_if action=reinterpret pc=0x000000000461bdec method=java.lang.Class.searchMethods([Ljava/lang/reflect/Method;Ljava/lang/String;[Ljava/lang/Class;)Ljava/lang/reflect/Method; @ 47
Event: 10.768 Thread 0x00000000033d2800 Uncommon trap: reason=bimorphic action=maybe_recompile pc=0x0000000003f68508 method=java.util.WeakHashMap.eq(Ljava/lang/Object;Ljava/lang/Object;)Z @ 7

Internal exceptions (10 events):
Event: 10.767 Thread 0x00000000033d2800 Exception <a 'java/lang/ClassNotFoundException': org/springframework/beans/factory/FactoryBeanBeanInfo> (0x000000077737b1d0) thrown at [C:\re\workspace\8-2-build-windows-amd64-cygwin\jdk8u141\9370\hotspot\src\share\vm\classfile\systemDictionary.cpp, line 
Event: 10.767 Thread 0x00000000033d2800 Exception <a 'java/lang/ClassNotFoundException': org/springframework/beans/factory/FactoryBeanCustomizer> (0x00000007773aaf20) thrown at [C:\re\workspace\8-2-build-windows-amd64-cygwin\jdk8u141\9370\hotspot\src\share\vm\classfile\systemDictionary.cpp, lin
Event: 10.769 Thread 0x00000000033d2800 Exception <a 'java/lang/ClassNotFoundException': org/springframework/context/ApplicationListenerBeanInfo> (0x00000007773e02f8) thrown at [C:\re\workspace\8-2-build-windows-amd64-cygwin\jdk8u141\9370\hotspot\src\share\vm\classfile\systemDictionary.cpp, lin
Event: 10.769 Thread 0x00000000033d2800 Exception <a 'java/lang/ClassNotFoundException': org/springframework/context/ApplicationListenerCustomizer> (0x0000000777410ab0) thrown at [C:\re\workspace\8-2-build-windows-amd64-cygwin\jdk8u141\9370\hotspot\src\share\vm\classfile\systemDictionary.cpp, l
Event: 10.821 Thread 0x00000000033d2800 Exception <a 'java/lang/ClassNotFoundException': org/apache/ibatis/session/ConfigurationBeanInfo> (0x0000000777ac3bb8) thrown at [C:\re\workspace\8-2-build-windows-amd64-cygwin\jdk8u141\9370\hotspot\src\share\vm\classfile\systemDictionary.cpp, line 210]
Event: 10.822 Thread 0x00000000033d2800 Exception <a 'java/lang/ClassNotFoundException': org/apache/ibatis/session/ConfigurationCustomizer> (0x0000000777af1098) thrown at [C:\re\workspace\8-2-build-windows-amd64-cygwin\jdk8u141\9370\hotspot\src\share\vm\classfile\systemDictionary.cpp, line 210]
Event: 10.840 Thread 0x00000000033d2800 Exception <a 'java/lang/ClassNotFoundException': com/github/pagehelper/PageInterceptorBeanInfo> (0x0000000777dd2b20) thrown at [C:\re\workspace\8-2-build-windows-amd64-cygwin\jdk8u141\9370\hotspot\src\share\vm\classfile\systemDictionary.cpp, line 210]
Event: 10.840 Thread 0x00000000033d2800 Exception <a 'java/lang/ClassNotFoundException': com/github/pagehelper/PageInterceptorCustomizer> (0x0000000777dff4f0) thrown at [C:\re\workspace\8-2-build-windows-amd64-cygwin\jdk8u141\9370\hotspot\src\share\vm\classfile\systemDictionary.cpp, line 210]
Event: 10.842 Thread 0x00000000033d2800 Exception <a 'java/lang/ClassNotFoundException': org/apache/ibatis/plugin/InterceptorBeanInfo> (0x0000000777e2ed68) thrown at [C:\re\workspace\8-2-build-windows-amd64-cygwin\jdk8u141\9370\hotspot\src\share\vm\classfile\systemDictionary.cpp, line 210]
Event: 10.842 Thread 0x00000000033d2800 Exception <a 'java/lang/ClassNotFoundException': org/apache/ibatis/plugin/InterceptorCustomizer> (0x0000000777e5ab08) thrown at [C:\re\workspace\8-2-build-windows-amd64-cygwin\jdk8u141\9370\hotspot\src\share\vm\classfile\systemDictionary.cpp, line 210]

Events (10 events):
Event: 10.871 Thread 0x00000000033d2800 DEOPT PACKING pc=0x0000000003980698 sp=0x00000000031f9790
Event: 10.871 Thread 0x00000000033d2800 DEOPT UNPACKING pc=0x000000000351747f sp=0x00000000031f9500 mode 1
Event: 10.871 Thread 0x00000000033d2800 DEOPT PACKING pc=0x00000000043199c4 sp=0x00000000031f9870
Event: 10.871 Thread 0x00000000033d2800 DEOPT UNPACKING pc=0x000000000351747f sp=0x00000000031f9578 mode 1
Event: 10.871 loading class com/google/common/base/Equivalence$Identity
Event: 10.871 loading class com/google/common/base/Equivalence$Identity done
Event: 10.871 Thread 0x00000000033d2800 DEOPT PACKING pc=0x00000000037339e1 sp=0x00000000031f9540
Event: 10.871 Thread 0x00000000033d2800 DEOPT UNPACKING pc=0x000000000351747f sp=0x00000000031f9270 mode 1
Event: 10.871 Thread 0x00000000033d2800 DEOPT PACKING pc=0x0000000003980698 sp=0x00000000031f9590
Event: 10.871 Thread 0x00000000033d2800 DEOPT UNPACKING pc=0x000000000351747f sp=0x00000000031f9300 mode 1


Dynamic libraries:
0x00007ff67fab0000 - 0x00007ff67fae7000 	D:\Development\Java\jdk1.8.0_141\bin\java.exe
0x00007ffe12880000 - 0x00007ffe12a89000 	C:\WINDOWS\SYSTEM32\ntdll.dll
0x00007ffe11b00000 - 0x00007ffe11bbd000 	C:\WINDOWS\System32\KERNEL32.DLL
0x00007ffe0fd70000 - 0x00007ffe100e9000 	C:\WINDOWS\System32\KERNELBASE.dll
0x00007ffe123f0000 - 0x00007ffe1249e000 	C:\WINDOWS\System32\ADVAPI32.dll
0x00007ffe12790000 - 0x00007ffe12833000 	C:\WINDOWS\System32\msvcrt.dll
0x00007ffe12050000 - 0x00007ffe120ee000 	C:\WINDOWS\System32\sechost.dll
0x00007ffe11d70000 - 0x00007ffe11e90000 	C:\WINDOWS\System32\RPCRT4.dll
0x00007ffe11bc0000 - 0x00007ffe11d6c000 	C:\WINDOWS\System32\USER32.dll
0x00007ffe100f0000 - 0x00007ffe10116000 	C:\WINDOWS\System32\win32u.dll
0x00007ffe120f0000 - 0x00007ffe12119000 	C:\WINDOWS\System32\GDI32.dll
0x00007ffe10560000 - 0x00007ffe10672000 	C:\WINDOWS\System32\gdi32full.dll
0x00007ffe10680000 - 0x00007ffe1071d000 	C:\WINDOWS\System32\msvcp_win.dll
0x00007ffe10120000 - 0x00007ffe10231000 	C:\WINDOWS\System32\ucrtbase.dll
0x00007ffdfa840000 - 0x00007ffdfaae5000 	C:\WINDOWS\WinSxS\amd64_microsoft.windows.common-controls_6595b64144ccf1df_6.0.22000.120_none_9d947278b86cc467\COMCTL32.dll
0x00007ffe10d60000 - 0x00007ffe10d91000 	C:\WINDOWS\System32\IMM32.DLL
0x000000005e590000 - 0x000000005e662000 	D:\Development\Java\jdk1.8.0_141\jre\bin\msvcr100.dll
0x000000005dcf0000 - 0x000000005e58d000 	D:\Development\Java\jdk1.8.0_141\jre\bin\server\jvm.dll
0x00007ffe126f0000 - 0x00007ffe126f8000 	C:\WINDOWS\System32\PSAPI.DLL
0x00007ffdf09a0000 - 0x00007ffdf09a9000 	C:\WINDOWS\SYSTEM32\WSOCK32.dll
0x00007ffe05dc0000 - 0x00007ffe05dca000 	C:\WINDOWS\SYSTEM32\VERSION.dll
0x00007ffe07c90000 - 0x00007ffe07cc3000 	C:\WINDOWS\SYSTEM32\WINMM.dll
0x00007ffe124a0000 - 0x00007ffe1250f000 	C:\WINDOWS\System32\WS2_32.dll
0x000000005dce0000 - 0x000000005dcef000 	D:\Development\Java\jdk1.8.0_141\jre\bin\verify.dll
0x000000005dcb0000 - 0x000000005dcd9000 	D:\Development\Java\jdk1.8.0_141\jre\bin\java.dll
0x000000005db20000 - 0x000000005db55000 	D:\Development\Java\jdk1.8.0_141\jre\bin\jdwp.dll
0x000000005db10000 - 0x000000005db18000 	D:\Development\Java\jdk1.8.0_141\jre\bin\npt.dll
0x000000005dae0000 - 0x000000005db03000 	D:\Development\Java\jdk1.8.0_141\jre\bin\instrument.dll
0x000000005dc90000 - 0x000000005dca6000 	D:\Development\Java\jdk1.8.0_141\jre\bin\zip.dll
0x00007ffe112a0000 - 0x00007ffe11a4f000 	C:\WINDOWS\System32\SHELL32.dll
0x00007ffe0dea0000 - 0x00007ffe0e708000 	C:\WINDOWS\SYSTEM32\windows.storage.dll
0x00007ffe10920000 - 0x00007ffe10c98000 	C:\WINDOWS\System32\combase.dll
0x00007ffe0dd30000 - 0x00007ffe0de96000 	C:\WINDOWS\SYSTEM32\wintypes.dll
0x00007ffe12600000 - 0x00007ffe126ea000 	C:\WINDOWS\System32\SHCORE.dll
0x00007ffe108c0000 - 0x00007ffe1091d000 	C:\WINDOWS\System32\shlwapi.dll
0x00007ffe0fca0000 - 0x00007ffe0fcc1000 	C:\WINDOWS\SYSTEM32\profapi.dll
0x000000005dad0000 - 0x000000005dad9000 	D:\Development\Java\jdk1.8.0_141\jre\bin\dt_socket.dll
0x00007ffe0f250000 - 0x00007ffe0f2b7000 	C:\WINDOWS\system32\mswsock.dll
0x00007ffe0f520000 - 0x00007ffe0f538000 	C:\WINDOWS\SYSTEM32\CRYPTSP.dll
0x00007ffe0ed90000 - 0x00007ffe0edc5000 	C:\WINDOWS\system32\rsaenh.dll
0x00007ffe0f2f0000 - 0x00007ffe0f319000 	C:\WINDOWS\SYSTEM32\USERENV.dll
0x00007ffe0f6c0000 - 0x00007ffe0f6e7000 	C:\WINDOWS\SYSTEM32\bcrypt.dll
0x00007ffe10300000 - 0x00007ffe1037f000 	C:\WINDOWS\System32\bcryptprimitives.dll
0x00007ffe0f440000 - 0x00007ffe0f44c000 	C:\WINDOWS\SYSTEM32\CRYPTBASE.dll
0x000000005dc70000 - 0x000000005dc8a000 	D:\Development\Java\jdk1.8.0_141\jre\bin\net.dll
0x00007ffe0e960000 - 0x00007ffe0e98d000 	C:\WINDOWS\SYSTEM32\IPHLPAPI.DLL
0x00007ffe12130000 - 0x00007ffe12139000 	C:\WINDOWS\System32\NSI.dll
0x00007ffe09540000 - 0x00007ffe09559000 	C:\WINDOWS\SYSTEM32\dhcpcsvc6.DLL
0x00007ffe0a180000 - 0x00007ffe0a19e000 	C:\WINDOWS\SYSTEM32\dhcpcsvc.DLL
0x00007ffe0e990000 - 0x00007ffe0ea78000 	C:\WINDOWS\SYSTEM32\DNSAPI.dll
0x000000005dc50000 - 0x000000005dc61000 	D:\Development\Java\jdk1.8.0_141\jre\bin\nio.dll
0x00007ffe09d20000 - 0x00007ffe09d2a000 	C:\Users\libowen\AppData\Local\Temp\jansi-1.17.1-7770934511507813863.dll
0x00007ffdff0c0000 - 0x00007ffdff0ca000 	C:\Users\libowen\AppData\Local\Temp\jansi-1.17.1-1323554740681730393.dll
0x000000005dc10000 - 0x000000005dc1d000 	D:\Development\Java\jdk1.8.0_141\jre\bin\management.dll

VM Arguments:
jvm_args: -agentlib:jdwp=transport=dt_socket,address=127.0.0.1:8217,suspend=y,server=n -Dmaven.multiModuleProjectDirectory=G:\code\shf-parent\service\service-house -DarchetypeCatalog=internal -Dfile.encoding=UTF-8 -Dmaven.home=D:\Development\apache-maven-3.5.4 -Dclassworlds.conf=D:\Development\apache-maven-3.5.4\bin\m2.conf -Dmaven.ext.class.path=E:\JetBrains\IntelliJ IDEA 2019.3\plugins\maven\lib\maven-event-listener.jar -javaagent:C:\Users\libowen\.IntelliJIdea2019.3\system\captureAgent\debugger-agent.jar 
java_command: org.codehaus.classworlds.Launcher -Didea.version2019.3 -s D:\Development\apache-maven-3.5.4\conf\settings.xml -Dmaven.repo.local=D:\repository jetty:run
java_class_path (initial): D:\Development\apache-maven-3.5.4\boot\plexus-classworlds-2.5.2.jar;E:\JetBrains\IntelliJ IDEA 2019.3\lib\idea_rt.jar;C:\Users\libowen\.IntelliJIdea2019.3\system\captureAgent\debugger-agent.jar
Launcher Type: SUN_STANDARD

Environment Variables:
JAVA_HOME=D:\Development\Java\jdk1.8.0_141
PATH=D:\Development\apache-maven-3.5.4\bin;C:\Program Files\MySQL\MySQL Server 5.7\bin;D:\Development\Java\jdk1.8.0_141\bin;E:\VMware\VMware Workstation\bin\;C:\WINDOWS\system32;C:\WINDOWS;C:\WINDOWS\System32\Wbem;C:\WINDOWS\System32\WindowsPowerShell\v1.0\;C:\WINDOWS\System32\OpenSSH\;D:\Development\apache-maven-3.5.4\bin;E:\Xshell 7\;E:\Xftp 7\;D:\Development\nodejs\;D:\Development\nodejs\node_global\;C:\Users\libowen\AppData\Local\Microsoft\WindowsApps;E:\Bandizip\;E:\Microsoft VS Code\bin;C:\Program Files\nodejs\node_global;D:\Development\nodejs\node_global\node_modules;D:\Development\Git\mingw64\libexec\git-core;
USERNAME=libowen
OS=Windows_NT
PROCESSOR_IDENTIFIER=AMD64 Family 25 Model 80 Stepping 0, AuthenticAMD



---------------  S Y S T E M  ---------------

OS: Windows 10.0 , 64 bit Build 22000 (10.0.22000.675)

CPU:total 12 (initial active 12) (12 cores per cpu, 1 threads per core) family 25 model 80 stepping 0, cmov, cx8, fxsr, mmx, sse, sse2, sse3, ssse3, sse4.1, sse4.2, popcnt, avx, avx2, aes, clmul, erms, mmxext, 3dnowpref, lzcnt, sse4a, tsc, tscinvbit, tscinv, bmi1

Memory: 4k page, physical 14545212k(1131404k free), swap 32766372k(5264k free)

vm_info: Java HotSpot(TM) 64-Bit Server VM (25.141-b15) for windows-amd64 JRE (1.8.0_141-b15), built on Jul 12 2017 04:25:12 by "java_re" with MS VC++ 10.0 (VS2010)

time: Sat Jun 04 01:32:37 2022
elapsed time: 10 seconds (0d 0h 0m 10s)

